<?xml version="1.0" encoding="UTF-8"?>
<coverage generated="1542676819325" clover="3.2.0">
  <project timestamp="1542676819325" name="All files">
    <metrics statements="132" coveredstatements="72" conditionals="58" coveredconditionals="23" methods="24" coveredmethods="14" elements="214" coveredelements="109" complexity="0" loc="132" ncloc="132" packages="4" files="5" classes="5">
      <package name="opTypes">
        <metrics statements="19" coveredstatements="19" conditionals="0" coveredconditionals="0" methods="5" coveredmethods="5"/>
        <file name="Ops.js" path="/home/dieraca/school/fall_2018/974fp/workingCopy/libraries/opTypes/Ops.js">
          <metrics statements="19" coveredstatements="19" conditionals="0" coveredconditionals="0" methods="5" coveredmethods="5"/>
          <line num="2" count="1" type="stmt"/>
          <line num="13" count="1" type="stmt"/>
          <line num="25" count="2" type="stmt"/>
          <line num="26" count="2" type="stmt"/>
          <line num="27" count="2" type="stmt"/>
          <line num="28" count="2" type="stmt"/>
          <line num="29" count="2" type="stmt"/>
          <line num="30" count="2" type="stmt"/>
          <line num="31" count="2" type="stmt"/>
          <line num="32" count="2" type="stmt"/>
          <line num="35" count="1" type="stmt"/>
          <line num="37" count="1" type="stmt"/>
          <line num="43" count="3" type="stmt"/>
          <line num="44" count="3" type="stmt"/>
          <line num="45" count="3" type="stmt"/>
          <line num="46" count="3" type="stmt"/>
          <line num="54" count="1" type="stmt"/>
          <line num="60" count="1" type="stmt"/>
          <line num="63" count="1" type="stmt"/>
        </file>
      </package>
      <package name="rgasplittree">
        <metrics statements="34" coveredstatements="3" conditionals="16" coveredconditionals="0" methods="8" coveredmethods="0"/>
        <file name="RSTNode.js" path="/home/dieraca/school/fall_2018/974fp/workingCopy/libraries/rgasplittree/RSTNode.js">
          <metrics statements="34" coveredstatements="3" conditionals="16" coveredconditionals="0" methods="8" coveredmethods="0"/>
          <line num="1" count="1" type="stmt"/>
          <line num="13" count="0" type="stmt"/>
          <line num="14" count="0" type="stmt"/>
          <line num="15" count="0" type="stmt"/>
          <line num="16" count="0" type="stmt"/>
          <line num="17" count="0" type="stmt"/>
          <line num="18" count="0" type="stmt"/>
          <line num="20" count="0" type="cond" truecount="0" falsecount="2"/>
          <line num="21" count="0" type="stmt"/>
          <line num="23" count="0" type="stmt"/>
          <line num="27" count="1" type="stmt"/>
          <line num="29" count="0" type="cond" truecount="0" falsecount="2"/>
          <line num="30" count="0" type="stmt"/>
          <line num="32" count="0" type="stmt"/>
          <line num="37" count="0" type="stmt"/>
          <line num="38" count="0" type="stmt"/>
          <line num="39" count="0" type="stmt"/>
          <line num="43" count="0" type="stmt"/>
          <line num="44" count="0" type="cond" truecount="0" falsecount="2"/>
          <line num="45" count="0" type="stmt"/>
          <line num="47" count="0" type="stmt"/>
          <line num="52" count="0" type="stmt"/>
          <line num="53" count="0" type="cond" truecount="0" falsecount="2"/>
          <line num="54" count="0" type="stmt"/>
          <line num="56" count="0" type="stmt"/>
          <line num="59" count="0" type="cond" truecount="0" falsecount="2"/>
          <line num="65" count="0" type="cond" truecount="0" falsecount="2"/>
          <line num="66" count="0" type="cond" truecount="0" falsecount="2"/>
          <line num="67" count="0" type="stmt"/>
          <line num="69" count="0" type="stmt"/>
          <line num="72" count="0" type="cond" truecount="0" falsecount="2"/>
          <line num="73" count="0" type="stmt"/>
          <line num="75" count="0" type="stmt"/>
          <line num="78" count="1" type="stmt"/>
        </file>
      </package>
      <package name="trees">
        <metrics statements="16" coveredstatements="10" conditionals="8" coveredconditionals="4" methods="1" coveredmethods="1"/>
        <file name="balancedbinary.js" path="/home/dieraca/school/fall_2018/974fp/workingCopy/libraries/trees/balancedbinary.js">
          <metrics statements="16" coveredstatements="10" conditionals="8" coveredconditionals="4" methods="1" coveredmethods="1"/>
          <line num="9" count="1" type="stmt"/>
          <line num="10" count="1" type="cond" truecount="1" falsecount="1"/>
          <line num="11" count="0" type="stmt"/>
          <line num="13" count="1" type="stmt"/>
          <line num="14" count="1" type="stmt"/>
          <line num="15" count="1" type="stmt"/>
          <line num="16" count="1" type="stmt"/>
          <line num="18" count="1" type="cond" truecount="1" falsecount="1"/>
          <line num="19" count="0" type="stmt"/>
          <line num="22" count="1" type="cond" truecount="1" falsecount="1"/>
          <line num="23" count="0" type="stmt"/>
          <line num="24" count="0" type="stmt"/>
          <line num="26" count="1" type="cond" truecount="1" falsecount="1"/>
          <line num="27" count="0" type="stmt"/>
          <line num="28" count="0" type="stmt"/>
          <line num="33" count="1" type="stmt"/>
        </file>
      </package>
      <package name="vectorclock">
        <metrics statements="63" coveredstatements="40" conditionals="34" coveredconditionals="19" methods="10" coveredmethods="8"/>
        <file name="s3vector.js" path="/home/dieraca/school/fall_2018/974fp/workingCopy/libraries/vectorclock/s3vector.js">
          <metrics statements="25" coveredstatements="23" conditionals="16" coveredconditionals="14" methods="3" coveredmethods="3"/>
          <line num="1" count="3" type="stmt"/>
          <line num="6" count="3" type="stmt"/>
          <line num="7" count="15" type="cond" truecount="2" falsecount="0"/>
          <line num="8" count="12" type="stmt"/>
          <line num="9" count="12" type="stmt"/>
          <line num="10" count="25" type="stmt"/>
          <line num="13" count="3" type="stmt"/>
          <line num="15" count="15" type="stmt"/>
          <line num="16" count="15" type="stmt"/>
          <line num="19" count="3" type="stmt"/>
          <line num="22" count="1" type="stmt"/>
          <line num="26" count="1" type="stmt"/>
          <line num="27" count="1" type="stmt"/>
          <line num="28" count="1" type="stmt"/>
          <line num="29" count="1" type="stmt"/>
          <line num="30" count="1" type="stmt"/>
          <line num="37" count="3" type="cond" truecount="2" falsecount="0"/>
          <line num="38" count="1" type="stmt"/>
          <line num="40" count="2" type="cond" truecount="3" falsecount="1"/>
          <line num="41" count="0" type="stmt"/>
          <line num="43" count="2" type="cond" truecount="4" falsecount="1"/>
          <line num="44" count="0" type="stmt"/>
          <line num="46" count="2" type="stmt"/>
          <line num="50" count="7" type="cond" truecount="3" falsecount="0"/>
          <line num="53" count="3" type="stmt"/>
        </file>
        <file name="vectorClock.js" path="/home/dieraca/school/fall_2018/974fp/workingCopy/libraries/vectorclock/vectorClock.js">
          <metrics statements="38" coveredstatements="17" conditionals="18" coveredconditionals="5" methods="7" coveredmethods="5"/>
          <line num="6" count="15" type="stmt"/>
          <line num="7" count="15" type="stmt"/>
          <line num="8" count="14" type="stmt"/>
          <line num="12" count="4" type="stmt"/>
          <line num="16" count="5" type="stmt"/>
          <line num="17" count="7" type="cond" truecount="1" falsecount="1"/>
          <line num="18" count="0" type="cond" truecount="0" falsecount="2"/>
          <line num="19" count="0" type="stmt"/>
          <line num="23" count="7" type="stmt"/>
          <line num="28" count="11" type="cond" truecount="2" falsecount="0"/>
          <line num="29" count="9" type="stmt"/>
          <line num="32" count="2" type="stmt"/>
          <line num="37" count="7" type="cond" truecount="2" falsecount="0"/>
          <line num="38" count="5" type="stmt"/>
          <line num="40" count="2" type="stmt"/>
          <line num="46" count="5" type="stmt"/>
          <line num="47" count="5" type="stmt"/>
          <line num="48" count="5" type="stmt"/>
          <line num="55" count="0" type="stmt"/>
          <line num="56" count="0" type="stmt"/>
          <line num="58" count="0" type="stmt"/>
          <line num="60" count="0" type="stmt"/>
          <line num="61" count="0" type="stmt"/>
          <line num="62" count="0" type="stmt"/>
          <line num="64" count="0" type="cond" truecount="0" falsecount="2"/>
          <line num="65" count="0" type="stmt"/>
          <line num="67" count="0" type="cond" truecount="0" falsecount="2"/>
          <line num="68" count="0" type="stmt"/>
          <line num="70" count="0" type="cond" truecount="0" falsecount="2"/>
          <line num="71" count="0" type="stmt"/>
          <line num="72" count="0" type="cond" truecount="0" falsecount="2"/>
          <line num="73" count="0" type="stmt"/>
          <line num="77" count="0" type="cond" truecount="0" falsecount="2"/>
          <line num="83" count="0" type="stmt"/>
          <line num="84" count="0" type="stmt"/>
          <line num="85" count="0" type="stmt"/>
          <line num="87" count="0" type="stmt"/>
          <line num="90" count="4" type="stmt"/>
        </file>
      </package>
    </metrics>
  </project>
</coverage>
