{"/home/dieraca/school/fall_2018/974fp/workingCopy/libraries/opTypes/Ops.js": {"path":"/home/dieraca/school/fall_2018/974fp/workingCopy/libraries/opTypes/Ops.js","statementMap":{"0":{"start":{"line":2,"column":13},"end":{"line":12,"column":1}},"1":{"start":{"line":13,"column":0},"end":{"line":13,"column":22}},"2":{"start":{"line":25,"column":4},"end":{"line":25,"column":25}},"3":{"start":{"line":26,"column":4},"end":{"line":26,"column":29}},"4":{"start":{"line":27,"column":4},"end":{"line":27,"column":21}},"5":{"start":{"line":28,"column":4},"end":{"line":28,"column":23}},"6":{"start":{"line":29,"column":4},"end":{"line":29,"column":35}},"7":{"start":{"line":30,"column":4},"end":{"line":30,"column":31}},"8":{"start":{"line":31,"column":4},"end":{"line":31,"column":19}},"9":{"start":{"line":32,"column":4},"end":{"line":32,"column":19}},"10":{"start":{"line":35,"column":0},"end":{"line":39,"column":1}},"11":{"start":{"line":37,"column":8},"end":{"line":37,"column":30}},"12":{"start":{"line":43,"column":4},"end":{"line":43,"column":25}},"13":{"start":{"line":44,"column":4},"end":{"line":44,"column":29}},"14":{"start":{"line":45,"column":4},"end":{"line":45,"column":19}},"15":{"start":{"line":46,"column":4},"end":{"line":46,"column":19}},"16":{"start":{"line":54,"column":4},"end":{"line":54,"column":72}},"17":{"start":{"line":60,"column":4},"end":{"line":60,"column":62}},"18":{"start":{"line":63,"column":0},"end":{"line":69,"column":1}}},"fnMap":{"0":{"name":"RSTOp","decl":{"start":{"line":24,"column":9},"end":{"line":24,"column":14}},"loc":{"start":{"line":24,"column":80},"end":{"line":33,"column":1}},"line":24},"1":{"name":"(anonymous_1)","decl":{"start":{"line":36,"column":12},"end":{"line":36,"column":13}},"loc":{"start":{"line":36,"column":24},"end":{"line":38,"column":5}},"line":36},"2":{"name":"SeqOp","decl":{"start":{"line":42,"column":9},"end":{"line":42,"column":14}},"loc":{"start":{"line":42,"column":43},"end":{"line":47,"column":1}},"line":42},"3":{"name":"generateSeqOpsForInsert","decl":{"start":{"line":53,"column":9},"end":{"line":53,"column":32}},"loc":{"start":{"line":53,"column":53},"end":{"line":55,"column":1}},"line":53},"4":{"name":"generateSeqOpsForDelete","decl":{"start":{"line":59,"column":9},"end":{"line":59,"column":32}},"loc":{"start":{"line":59,"column":51},"end":{"line":61,"column":1}},"line":59}},"branchMap":{},"s":{"0":1,"1":1,"2":2,"3":2,"4":2,"5":2,"6":2,"7":2,"8":2,"9":2,"10":1,"11":1,"12":3,"13":3,"14":3,"15":3,"16":1,"17":1,"18":1},"f":{"0":2,"1":1,"2":3,"3":1,"4":1},"b":{},"_coverageSchema":"332fd63041d2c1bcb487cc26dd0d5f7d97098a6c","hash":"1b690c5ce88b822b9ca4d296b43cce1c65fc0bdf"}
,"/home/dieraca/school/fall_2018/974fp/workingCopy/libraries/rgasplittree/RSTNode.js": {"path":"/home/dieraca/school/fall_2018/974fp/workingCopy/libraries/rgasplittree/RSTNode.js","statementMap":{"0":{"start":{"line":1,"column":17},"end":{"line":1,"column":51}},"1":{"start":{"line":13,"column":4},"end":{"line":13,"column":19}},"2":{"start":{"line":14,"column":4},"end":{"line":14,"column":27}},"3":{"start":{"line":15,"column":4},"end":{"line":15,"column":29}},"4":{"start":{"line":16,"column":4},"end":{"line":16,"column":31}},"5":{"start":{"line":17,"column":4},"end":{"line":17,"column":35}},"6":{"start":{"line":18,"column":4},"end":{"line":18,"column":25}},"7":{"start":{"line":20,"column":4},"end":{"line":24,"column":5}},"8":{"start":{"line":21,"column":8},"end":{"line":21,"column":42}},"9":{"start":{"line":23,"column":8},"end":{"line":23,"column":25}},"10":{"start":{"line":27,"column":0},"end":{"line":61,"column":1}},"11":{"start":{"line":29,"column":8},"end":{"line":33,"column":9}},"12":{"start":{"line":30,"column":12},"end":{"line":30,"column":60}},"13":{"start":{"line":30,"column":49},"end":{"line":30,"column":54}},"14":{"start":{"line":32,"column":12},"end":{"line":32,"column":25}},"15":{"start":{"line":37,"column":8},"end":{"line":37,"column":32}},"16":{"start":{"line":38,"column":8},"end":{"line":38,"column":28}},"17":{"start":{"line":39,"column":8},"end":{"line":39,"column":27}},"18":{"start":{"line":43,"column":18},"end":{"line":43,"column":31}},"19":{"start":{"line":44,"column":8},"end":{"line":46,"column":9}},"20":{"start":{"line":45,"column":12},"end":{"line":45,"column":31}},"21":{"start":{"line":47,"column":8},"end":{"line":47,"column":19}},"22":{"start":{"line":52,"column":18},"end":{"line":52,"column":32}},"23":{"start":{"line":53,"column":8},"end":{"line":55,"column":9}},"24":{"start":{"line":54,"column":12},"end":{"line":54,"column":32}},"25":{"start":{"line":56,"column":8},"end":{"line":56,"column":19}},"26":{"start":{"line":59,"column":8},"end":{"line":59,"column":65}},"27":{"start":{"line":65,"column":4},"end":{"line":71,"column":5}},"28":{"start":{"line":66,"column":8},"end":{"line":70,"column":9}},"29":{"start":{"line":67,"column":12},"end":{"line":67,"column":24}},"30":{"start":{"line":69,"column":12},"end":{"line":69,"column":25}},"31":{"start":{"line":72,"column":4},"end":{"line":74,"column":5}},"32":{"start":{"line":73,"column":8},"end":{"line":73,"column":21}},"33":{"start":{"line":75,"column":4},"end":{"line":75,"column":40}},"34":{"start":{"line":78,"column":0},"end":{"line":81,"column":1}}},"fnMap":{"0":{"name":"RSTNode","decl":{"start":{"line":11,"column":9},"end":{"line":11,"column":16}},"loc":{"start":{"line":11,"column":73},"end":{"line":25,"column":1}},"line":11},"1":{"name":"(anonymous_1)","decl":{"start":{"line":28,"column":17},"end":{"line":28,"column":18}},"loc":{"start":{"line":28,"column":29},"end":{"line":34,"column":5}},"line":28},"2":{"name":"(anonymous_2)","decl":{"start":{"line":30,"column":39},"end":{"line":30,"column":40}},"loc":{"start":{"line":30,"column":49},"end":{"line":30,"column":54}},"line":30},"3":{"name":"(anonymous_3)","decl":{"start":{"line":35,"column":10},"end":{"line":35,"column":11}},"loc":{"start":{"line":35,"column":22},"end":{"line":40,"column":5}},"line":35},"4":{"name":"(anonymous_4)","decl":{"start":{"line":42,"column":32},"end":{"line":42,"column":33}},"loc":{"start":{"line":42,"column":44},"end":{"line":49,"column":5}},"line":42},"5":{"name":"(anonymous_5)","decl":{"start":{"line":51,"column":31},"end":{"line":51,"column":32}},"loc":{"start":{"line":51,"column":43},"end":{"line":57,"column":5}},"line":51},"6":{"name":"(anonymous_6)","decl":{"start":{"line":58,"column":10},"end":{"line":58,"column":11}},"loc":{"start":{"line":58,"column":22},"end":{"line":60,"column":5}},"line":58},"7":{"name":"equal","decl":{"start":{"line":64,"column":9},"end":{"line":64,"column":14}},"loc":{"start":{"line":64,"column":21},"end":{"line":76,"column":1}},"line":64}},"branchMap":{"0":{"loc":{"start":{"line":20,"column":4},"end":{"line":24,"column":5}},"type":"if","locations":[{"start":{"line":20,"column":4},"end":{"line":24,"column":5}},{"start":{"line":20,"column":4},"end":{"line":24,"column":5}}],"line":20},"1":{"loc":{"start":{"line":29,"column":8},"end":{"line":33,"column":9}},"type":"if","locations":[{"start":{"line":29,"column":8},"end":{"line":33,"column":9}},{"start":{"line":29,"column":8},"end":{"line":33,"column":9}}],"line":29},"2":{"loc":{"start":{"line":44,"column":15},"end":{"line":44,"column":46}},"type":"binary-expr","locations":[{"start":{"line":44,"column":15},"end":{"line":44,"column":27}},{"start":{"line":44,"column":31},"end":{"line":44,"column":46}}],"line":44},"3":{"loc":{"start":{"line":53,"column":15},"end":{"line":53,"column":46}},"type":"binary-expr","locations":[{"start":{"line":53,"column":15},"end":{"line":53,"column":27}},{"start":{"line":53,"column":31},"end":{"line":53,"column":46}}],"line":53},"4":{"loc":{"start":{"line":59,"column":22},"end":{"line":59,"column":63}},"type":"cond-expr","locations":[{"start":{"line":59,"column":44},"end":{"line":59,"column":59}},{"start":{"line":59,"column":62},"end":{"line":59,"column":63}}],"line":59},"5":{"loc":{"start":{"line":65,"column":4},"end":{"line":71,"column":5}},"type":"if","locations":[{"start":{"line":65,"column":4},"end":{"line":71,"column":5}},{"start":{"line":65,"column":4},"end":{"line":71,"column":5}}],"line":65},"6":{"loc":{"start":{"line":66,"column":8},"end":{"line":70,"column":9}},"type":"if","locations":[{"start":{"line":66,"column":8},"end":{"line":70,"column":9}},{"start":{"line":66,"column":8},"end":{"line":70,"column":9}}],"line":66},"7":{"loc":{"start":{"line":72,"column":4},"end":{"line":74,"column":5}},"type":"if","locations":[{"start":{"line":72,"column":4},"end":{"line":74,"column":5}},{"start":{"line":72,"column":4},"end":{"line":74,"column":5}}],"line":72}},"s":{"0":1,"1":0,"2":0,"3":0,"4":0,"5":0,"6":0,"7":0,"8":0,"9":0,"10":1,"11":0,"12":0,"13":0,"14":0,"15":0,"16":0,"17":0,"18":0,"19":0,"20":0,"21":0,"22":0,"23":0,"24":0,"25":0,"26":0,"27":0,"28":0,"29":0,"30":0,"31":0,"32":0,"33":0,"34":1},"f":{"0":0,"1":0,"2":0,"3":0,"4":0,"5":0,"6":0,"7":0},"b":{"0":[0,0],"1":[0,0],"2":[0,0],"3":[0,0],"4":[0,0],"5":[0,0],"6":[0,0],"7":[0,0]},"_coverageSchema":"332fd63041d2c1bcb487cc26dd0d5f7d97098a6c","hash":"1d5ff691f5478bfe6e2aae05c4171e2044c92be3"}
,"/home/dieraca/school/fall_2018/974fp/workingCopy/libraries/trees/balancedbinary.js": {"path":"/home/dieraca/school/fall_2018/974fp/workingCopy/libraries/trees/balancedbinary.js","statementMap":{"0":{"start":{"line":9,"column":4},"end":{"line":9,"column":19}},"1":{"start":{"line":10,"column":4},"end":{"line":12,"column":5}},"2":{"start":{"line":11,"column":8},"end":{"line":11,"column":31}},"3":{"start":{"line":13,"column":4},"end":{"line":13,"column":31}},"4":{"start":{"line":14,"column":4},"end":{"line":14,"column":33}},"5":{"start":{"line":15,"column":4},"end":{"line":15,"column":25}},"6":{"start":{"line":16,"column":4},"end":{"line":16,"column":20}},"7":{"start":{"line":18,"column":4},"end":{"line":20,"column":5}},"8":{"start":{"line":19,"column":8},"end":{"line":19,"column":39}},"9":{"start":{"line":22,"column":4},"end":{"line":25,"column":5}},"10":{"start":{"line":23,"column":8},"end":{"line":23,"column":37}},"11":{"start":{"line":24,"column":8},"end":{"line":24,"column":49}},"12":{"start":{"line":26,"column":4},"end":{"line":29,"column":5}},"13":{"start":{"line":27,"column":8},"end":{"line":27,"column":38}},"14":{"start":{"line":28,"column":8},"end":{"line":28,"column":50}},"15":{"start":{"line":33,"column":0},"end":{"line":35,"column":1}}},"fnMap":{"0":{"name":"BalancedBinaryTree","decl":{"start":{"line":8,"column":9},"end":{"line":8,"column":27}},"loc":{"start":{"line":8,"column":64},"end":{"line":31,"column":1}},"line":8}},"branchMap":{"0":{"loc":{"start":{"line":10,"column":4},"end":{"line":12,"column":5}},"type":"if","locations":[{"start":{"line":10,"column":4},"end":{"line":12,"column":5}},{"start":{"line":10,"column":4},"end":{"line":12,"column":5}}],"line":10},"1":{"loc":{"start":{"line":18,"column":4},"end":{"line":20,"column":5}},"type":"if","locations":[{"start":{"line":18,"column":4},"end":{"line":20,"column":5}},{"start":{"line":18,"column":4},"end":{"line":20,"column":5}}],"line":18},"2":{"loc":{"start":{"line":22,"column":4},"end":{"line":25,"column":5}},"type":"if","locations":[{"start":{"line":22,"column":4},"end":{"line":25,"column":5}},{"start":{"line":22,"column":4},"end":{"line":25,"column":5}}],"line":22},"3":{"loc":{"start":{"line":26,"column":4},"end":{"line":29,"column":5}},"type":"if","locations":[{"start":{"line":26,"column":4},"end":{"line":29,"column":5}},{"start":{"line":26,"column":4},"end":{"line":29,"column":5}}],"line":26}},"s":{"0":1,"1":1,"2":0,"3":1,"4":1,"5":1,"6":1,"7":1,"8":0,"9":1,"10":0,"11":0,"12":1,"13":0,"14":0,"15":1},"f":{"0":1},"b":{"0":[0,1],"1":[0,1],"2":[0,1],"3":[0,1]},"_coverageSchema":"332fd63041d2c1bcb487cc26dd0d5f7d97098a6c","hash":"1b92e4ff071c8587c00b34b9238c2e585940851e"}
,"/home/dieraca/school/fall_2018/974fp/workingCopy/libraries/vectorclock/s3vector.js": {"path":"/home/dieraca/school/fall_2018/974fp/workingCopy/libraries/vectorclock/s3vector.js","statementMap":{"0":{"start":{"line":1,"column":11},"end":{"line":1,"column":38}},"1":{"start":{"line":6,"column":15},"end":{"line":17,"column":1}},"2":{"start":{"line":7,"column":4},"end":{"line":14,"column":5}},"3":{"start":{"line":8,"column":8},"end":{"line":8,"column":21}},"4":{"start":{"line":9,"column":8},"end":{"line":11,"column":9}},"5":{"start":{"line":10,"column":12},"end":{"line":10,"column":42}},"6":{"start":{"line":13,"column":8},"end":{"line":13,"column":21}},"7":{"start":{"line":15,"column":4},"end":{"line":15,"column":19}},"8":{"start":{"line":16,"column":4},"end":{"line":16,"column":25}},"9":{"start":{"line":19,"column":0},"end":{"line":32,"column":1}},"10":{"start":{"line":22,"column":8},"end":{"line":23,"column":58}},"11":{"start":{"line":26,"column":19},"end":{"line":26,"column":20}},"12":{"start":{"line":27,"column":8},"end":{"line":27,"column":36}},"13":{"start":{"line":28,"column":8},"end":{"line":28,"column":36}},"14":{"start":{"line":29,"column":8},"end":{"line":29,"column":39}},"15":{"start":{"line":30,"column":8},"end":{"line":30,"column":20}},"16":{"start":{"line":37,"column":4},"end":{"line":39,"column":5}},"17":{"start":{"line":38,"column":8},"end":{"line":38,"column":20}},"18":{"start":{"line":40,"column":4},"end":{"line":42,"column":5}},"19":{"start":{"line":41,"column":8},"end":{"line":41,"column":20}},"20":{"start":{"line":43,"column":4},"end":{"line":45,"column":5}},"21":{"start":{"line":44,"column":8},"end":{"line":44,"column":20}},"22":{"start":{"line":46,"column":4},"end":{"line":46,"column":17}},"23":{"start":{"line":50,"column":4},"end":{"line":50,"column":68}},"24":{"start":{"line":53,"column":0},"end":{"line":57,"column":1}}},"fnMap":{"0":{"name":"(anonymous_0)","decl":{"start":{"line":6,"column":15},"end":{"line":6,"column":16}},"loc":{"start":{"line":6,"column":46},"end":{"line":17,"column":1}},"line":6},"1":{"name":"preceeds","decl":{"start":{"line":36,"column":9},"end":{"line":36,"column":17}},"loc":{"start":{"line":36,"column":24},"end":{"line":47,"column":1}},"line":36},"2":{"name":"equal","decl":{"start":{"line":49,"column":9},"end":{"line":49,"column":14}},"loc":{"start":{"line":49,"column":21},"end":{"line":51,"column":1}},"line":49}},"branchMap":{"0":{"loc":{"start":{"line":7,"column":4},"end":{"line":14,"column":5}},"type":"if","locations":[{"start":{"line":7,"column":4},"end":{"line":14,"column":5}},{"start":{"line":7,"column":4},"end":{"line":14,"column":5}}],"line":7},"1":{"loc":{"start":{"line":37,"column":4},"end":{"line":39,"column":5}},"type":"if","locations":[{"start":{"line":37,"column":4},"end":{"line":39,"column":5}},{"start":{"line":37,"column":4},"end":{"line":39,"column":5}}],"line":37},"2":{"loc":{"start":{"line":40,"column":4},"end":{"line":42,"column":5}},"type":"if","locations":[{"start":{"line":40,"column":4},"end":{"line":42,"column":5}},{"start":{"line":40,"column":4},"end":{"line":42,"column":5}}],"line":40},"3":{"loc":{"start":{"line":40,"column":8},"end":{"line":40,"column":39}},"type":"binary-expr","locations":[{"start":{"line":40,"column":8},"end":{"line":40,"column":22}},{"start":{"line":40,"column":26},"end":{"line":40,"column":39}}],"line":40},"4":{"loc":{"start":{"line":43,"column":4},"end":{"line":45,"column":5}},"type":"if","locations":[{"start":{"line":43,"column":4},"end":{"line":45,"column":5}},{"start":{"line":43,"column":4},"end":{"line":45,"column":5}}],"line":43},"5":{"loc":{"start":{"line":43,"column":8},"end":{"line":43,"column":63}},"type":"binary-expr","locations":[{"start":{"line":43,"column":8},"end":{"line":43,"column":22}},{"start":{"line":43,"column":26},"end":{"line":43,"column":40}},{"start":{"line":43,"column":44},"end":{"line":43,"column":63}}],"line":43},"6":{"loc":{"start":{"line":50,"column":11},"end":{"line":50,"column":67}},"type":"binary-expr","locations":[{"start":{"line":50,"column":11},"end":{"line":50,"column":25}},{"start":{"line":50,"column":29},"end":{"line":50,"column":43}},{"start":{"line":50,"column":47},"end":{"line":50,"column":67}}],"line":50}},"s":{"0":3,"1":3,"2":15,"3":12,"4":12,"5":25,"6":3,"7":15,"8":15,"9":3,"10":1,"11":1,"12":1,"13":1,"14":1,"15":1,"16":3,"17":1,"18":2,"19":0,"20":2,"21":0,"22":2,"23":7,"24":3},"f":{"0":15,"1":3,"2":7},"b":{"0":[12,3],"1":[1,2],"2":[0,2],"3":[2,1],"4":[0,2],"5":[2,1,1],"6":[7,6,5]},"_coverageSchema":"332fd63041d2c1bcb487cc26dd0d5f7d97098a6c","hash":"483147e02ad0c6bc29a29c0e318602fda4cd9960"}
,"/home/dieraca/school/fall_2018/974fp/workingCopy/libraries/vectorclock/vectorClock.js": {"path":"/home/dieraca/school/fall_2018/974fp/workingCopy/libraries/vectorclock/vectorClock.js","statementMap":{"0":{"start":{"line":6,"column":4},"end":{"line":6,"column":22}},"1":{"start":{"line":7,"column":4},"end":{"line":9,"column":5}},"2":{"start":{"line":8,"column":8},"end":{"line":8,"column":29}},"3":{"start":{"line":12,"column":0},"end":{"line":51,"column":1}},"4":{"start":{"line":16,"column":8},"end":{"line":25,"column":9}},"5":{"start":{"line":17,"column":12},"end":{"line":24,"column":13}},"6":{"start":{"line":18,"column":16},"end":{"line":20,"column":17}},"7":{"start":{"line":19,"column":20},"end":{"line":19,"column":73}},"8":{"start":{"line":23,"column":16},"end":{"line":23,"column":69}},"9":{"start":{"line":28,"column":8},"end":{"line":33,"column":9}},"10":{"start":{"line":29,"column":12},"end":{"line":29,"column":36}},"11":{"start":{"line":32,"column":12},"end":{"line":32,"column":21}},"12":{"start":{"line":37,"column":8},"end":{"line":41,"column":9}},"13":{"start":{"line":38,"column":12},"end":{"line":38,"column":31}},"14":{"start":{"line":40,"column":12},"end":{"line":40,"column":33}},"15":{"start":{"line":46,"column":19},"end":{"line":46,"column":38}},"16":{"start":{"line":47,"column":8},"end":{"line":47,"column":33}},"17":{"start":{"line":48,"column":8},"end":{"line":48,"column":20}},"18":{"start":{"line":55,"column":4},"end":{"line":55,"column":20}},"19":{"start":{"line":56,"column":4},"end":{"line":56,"column":17}},"20":{"start":{"line":58,"column":4},"end":{"line":58,"column":98}},"21":{"start":{"line":60,"column":4},"end":{"line":75,"column":5}},"22":{"start":{"line":61,"column":20},"end":{"line":61,"column":21}},"23":{"start":{"line":62,"column":20},"end":{"line":62,"column":21}},"24":{"start":{"line":64,"column":8},"end":{"line":66,"column":9}},"25":{"start":{"line":65,"column":12},"end":{"line":65,"column":42}},"26":{"start":{"line":67,"column":8},"end":{"line":69,"column":9}},"27":{"start":{"line":68,"column":12},"end":{"line":68,"column":42}},"28":{"start":{"line":70,"column":8},"end":{"line":74,"column":9}},"29":{"start":{"line":71,"column":12},"end":{"line":71,"column":27}},"30":{"start":{"line":72,"column":15},"end":{"line":74,"column":9}},"31":{"start":{"line":73,"column":12},"end":{"line":73,"column":28}},"32":{"start":{"line":77,"column":4},"end":{"line":77,"column":26}},"33":{"start":{"line":83,"column":17},"end":{"line":83,"column":30}},"34":{"start":{"line":84,"column":4},"end":{"line":86,"column":5}},"35":{"start":{"line":85,"column":8},"end":{"line":85,"column":25}},"36":{"start":{"line":87,"column":4},"end":{"line":87,"column":18}},"37":{"start":{"line":90,"column":0},"end":{"line":93,"column":2}}},"fnMap":{"0":{"name":"VectorClock","decl":{"start":{"line":5,"column":9},"end":{"line":5,"column":20}},"loc":{"start":{"line":5,"column":26},"end":{"line":10,"column":1}},"line":5},"1":{"name":"(anonymous_1)","decl":{"start":{"line":15,"column":19},"end":{"line":15,"column":20}},"loc":{"start":{"line":15,"column":42},"end":{"line":26,"column":5}},"line":15},"2":{"name":"(anonymous_2)","decl":{"start":{"line":27,"column":13},"end":{"line":27,"column":14}},"loc":{"start":{"line":27,"column":27},"end":{"line":34,"column":5}},"line":27},"3":{"name":"(anonymous_3)","decl":{"start":{"line":36,"column":15},"end":{"line":36,"column":16}},"loc":{"start":{"line":36,"column":29},"end":{"line":42,"column":5}},"line":36},"4":{"name":"(anonymous_4)","decl":{"start":{"line":45,"column":14},"end":{"line":45,"column":15}},"loc":{"start":{"line":45,"column":26},"end":{"line":49,"column":5}},"line":45},"5":{"name":"isConcurrent","decl":{"start":{"line":54,"column":9},"end":{"line":54,"column":21}},"loc":{"start":{"line":54,"column":40},"end":{"line":78,"column":1}},"line":54},"6":{"name":"union","decl":{"start":{"line":82,"column":9},"end":{"line":82,"column":14}},"loc":{"start":{"line":82,"column":27},"end":{"line":88,"column":1}},"line":82}},"branchMap":{"0":{"loc":{"start":{"line":17,"column":12},"end":{"line":24,"column":13}},"type":"if","locations":[{"start":{"line":17,"column":12},"end":{"line":24,"column":13}},{"start":{"line":17,"column":12},"end":{"line":24,"column":13}}],"line":17},"1":{"loc":{"start":{"line":18,"column":16},"end":{"line":20,"column":17}},"type":"if","locations":[{"start":{"line":18,"column":16},"end":{"line":20,"column":17}},{"start":{"line":18,"column":16},"end":{"line":20,"column":17}}],"line":18},"2":{"loc":{"start":{"line":28,"column":8},"end":{"line":33,"column":9}},"type":"if","locations":[{"start":{"line":28,"column":8},"end":{"line":33,"column":9}},{"start":{"line":28,"column":8},"end":{"line":33,"column":9}}],"line":28},"3":{"loc":{"start":{"line":37,"column":8},"end":{"line":41,"column":9}},"type":"if","locations":[{"start":{"line":37,"column":8},"end":{"line":41,"column":9}},{"start":{"line":37,"column":8},"end":{"line":41,"column":9}}],"line":37},"4":{"loc":{"start":{"line":64,"column":8},"end":{"line":66,"column":9}},"type":"if","locations":[{"start":{"line":64,"column":8},"end":{"line":66,"column":9}},{"start":{"line":64,"column":8},"end":{"line":66,"column":9}}],"line":64},"5":{"loc":{"start":{"line":67,"column":8},"end":{"line":69,"column":9}},"type":"if","locations":[{"start":{"line":67,"column":8},"end":{"line":69,"column":9}},{"start":{"line":67,"column":8},"end":{"line":69,"column":9}}],"line":67},"6":{"loc":{"start":{"line":70,"column":8},"end":{"line":74,"column":9}},"type":"if","locations":[{"start":{"line":70,"column":8},"end":{"line":74,"column":9}},{"start":{"line":70,"column":8},"end":{"line":74,"column":9}}],"line":70},"7":{"loc":{"start":{"line":72,"column":15},"end":{"line":74,"column":9}},"type":"if","locations":[{"start":{"line":72,"column":15},"end":{"line":74,"column":9}},{"start":{"line":72,"column":15},"end":{"line":74,"column":9}}],"line":72},"8":{"loc":{"start":{"line":77,"column":11},"end":{"line":77,"column":26}},"type":"binary-expr","locations":[{"start":{"line":77,"column":11},"end":{"line":77,"column":18}},{"start":{"line":77,"column":22},"end":{"line":77,"column":26}}],"line":77}},"s":{"0":15,"1":15,"2":14,"3":4,"4":5,"5":7,"6":0,"7":0,"8":7,"9":11,"10":9,"11":2,"12":7,"13":5,"14":2,"15":5,"16":5,"17":5,"18":0,"19":0,"20":0,"21":0,"22":0,"23":0,"24":0,"25":0,"26":0,"27":0,"28":0,"29":0,"30":0,"31":0,"32":0,"33":0,"34":0,"35":0,"36":0,"37":4},"f":{"0":15,"1":5,"2":11,"3":7,"4":5,"5":0,"6":0},"b":{"0":[0,7],"1":[0,0],"2":[9,2],"3":[5,2],"4":[0,0],"5":[0,0],"6":[0,0],"7":[0,0],"8":[0,0]},"_coverageSchema":"332fd63041d2c1bcb487cc26dd0d5f7d97098a6c","hash":"042fdbb5ebdc675ac9d725d7eb5be1ead84e2b46"}
}
