TN:
SF:/home/dieraca/school/fall_2018/974fp/workingCopy/libraries/opTypes/Ops.js
FN:24,RSTOp
FN:36,(anonymous_1)
FN:42,SeqOp
FN:53,generateSeqOpsForInsert
FN:59,generateSeqOpsForDelete
FNF:5
FNH:5
FNDA:2,RSTOp
FNDA:1,(anonymous_1)
FNDA:3,SeqOp
FNDA:1,generateSeqOpsForInsert
FNDA:1,generateSeqOpsForDelete
DA:2,1
DA:13,1
DA:25,2
DA:26,2
DA:27,2
DA:28,2
DA:29,2
DA:30,2
DA:31,2
DA:32,2
DA:35,1
DA:37,1
DA:43,3
DA:44,3
DA:45,3
DA:46,3
DA:54,1
DA:60,1
DA:63,1
LF:19
LH:19
BRF:0
BRH:0
end_of_record
TN:
SF:/home/dieraca/school/fall_2018/974fp/workingCopy/libraries/rgasplittree/RSTNode.js
FN:11,RSTNode
FN:28,(anonymous_1)
FN:30,(anonymous_2)
FN:35,(anonymous_3)
FN:42,(anonymous_4)
FN:51,(anonymous_5)
FN:58,(anonymous_6)
FN:64,equal
FNF:8
FNH:0
FNDA:0,RSTNode
FNDA:0,(anonymous_1)
FNDA:0,(anonymous_2)
FNDA:0,(anonymous_3)
FNDA:0,(anonymous_4)
FNDA:0,(anonymous_5)
FNDA:0,(anonymous_6)
FNDA:0,equal
DA:1,1
DA:13,0
DA:14,0
DA:15,0
DA:16,0
DA:17,0
DA:18,0
DA:20,0
DA:21,0
DA:23,0
DA:27,1
DA:29,0
DA:30,0
DA:32,0
DA:37,0
DA:38,0
DA:39,0
DA:43,0
DA:44,0
DA:45,0
DA:47,0
DA:52,0
DA:53,0
DA:54,0
DA:56,0
DA:59,0
DA:65,0
DA:66,0
DA:67,0
DA:69,0
DA:72,0
DA:73,0
DA:75,0
DA:78,1
LF:34
LH:3
BRDA:20,0,0,0
BRDA:20,0,1,0
BRDA:29,1,0,0
BRDA:29,1,1,0
BRDA:44,2,0,0
BRDA:44,2,1,0
BRDA:53,3,0,0
BRDA:53,3,1,0
BRDA:59,4,0,0
BRDA:59,4,1,0
BRDA:65,5,0,0
BRDA:65,5,1,0
BRDA:66,6,0,0
BRDA:66,6,1,0
BRDA:72,7,0,0
BRDA:72,7,1,0
BRF:16
BRH:0
end_of_record
TN:
SF:/home/dieraca/school/fall_2018/974fp/workingCopy/libraries/trees/balancedbinary.js
FN:8,BalancedBinaryTree
FNF:1
FNH:1
FNDA:1,BalancedBinaryTree
DA:9,1
DA:10,1
DA:11,0
DA:13,1
DA:14,1
DA:15,1
DA:16,1
DA:18,1
DA:19,0
DA:22,1
DA:23,0
DA:24,0
DA:26,1
DA:27,0
DA:28,0
DA:33,1
LF:16
LH:10
BRDA:10,0,0,0
BRDA:10,0,1,1
BRDA:18,1,0,0
BRDA:18,1,1,1
BRDA:22,2,0,0
BRDA:22,2,1,1
BRDA:26,3,0,0
BRDA:26,3,1,1
BRF:8
BRH:4
end_of_record
TN:
SF:/home/dieraca/school/fall_2018/974fp/workingCopy/libraries/vectorclock/s3vector.js
FN:6,(anonymous_0)
FN:36,preceeds
FN:49,equal
FNF:3
FNH:3
FNDA:15,(anonymous_0)
FNDA:3,preceeds
FNDA:7,equal
DA:1,3
DA:6,3
DA:7,15
DA:8,12
DA:9,12
DA:10,25
DA:13,3
DA:15,15
DA:16,15
DA:19,3
DA:22,1
DA:26,1
DA:27,1
DA:28,1
DA:29,1
DA:30,1
DA:37,3
DA:38,1
DA:40,2
DA:41,0
DA:43,2
DA:44,0
DA:46,2
DA:50,7
DA:53,3
LF:25
LH:23
BRDA:7,0,0,12
BRDA:7,0,1,3
BRDA:37,1,0,1
BRDA:37,1,1,2
BRDA:40,2,0,0
BRDA:40,2,1,2
BRDA:40,3,0,2
BRDA:40,3,1,1
BRDA:43,4,0,0
BRDA:43,4,1,2
BRDA:43,5,0,2
BRDA:43,5,1,1
BRDA:43,5,2,1
BRDA:50,6,0,7
BRDA:50,6,1,6
BRDA:50,6,2,5
BRF:16
BRH:14
end_of_record
TN:
SF:/home/dieraca/school/fall_2018/974fp/workingCopy/libraries/vectorclock/vectorClock.js
FN:5,VectorClock
FN:15,(anonymous_1)
FN:27,(anonymous_2)
FN:36,(anonymous_3)
FN:45,(anonymous_4)
FN:54,isConcurrent
FN:82,union
FNF:7
FNH:5
FNDA:15,VectorClock
FNDA:5,(anonymous_1)
FNDA:11,(anonymous_2)
FNDA:7,(anonymous_3)
FNDA:5,(anonymous_4)
FNDA:0,isConcurrent
FNDA:0,union
DA:6,15
DA:7,15
DA:8,14
DA:12,4
DA:16,5
DA:17,7
DA:18,0
DA:19,0
DA:23,7
DA:28,11
DA:29,9
DA:32,2
DA:37,7
DA:38,5
DA:40,2
DA:46,5
DA:47,5
DA:48,5
DA:55,0
DA:56,0
DA:58,0
DA:60,0
DA:61,0
DA:62,0
DA:64,0
DA:65,0
DA:67,0
DA:68,0
DA:70,0
DA:71,0
DA:72,0
DA:73,0
DA:77,0
DA:83,0
DA:84,0
DA:85,0
DA:87,0
DA:90,4
LF:38
LH:17
BRDA:17,0,0,0
BRDA:17,0,1,7
BRDA:18,1,0,0
BRDA:18,1,1,0
BRDA:28,2,0,9
BRDA:28,2,1,2
BRDA:37,3,0,5
BRDA:37,3,1,2
BRDA:64,4,0,0
BRDA:64,4,1,0
BRDA:67,5,0,0
BRDA:67,5,1,0
BRDA:70,6,0,0
BRDA:70,6,1,0
BRDA:72,7,0,0
BRDA:72,7,1,0
BRDA:77,8,0,0
BRDA:77,8,1,0
BRF:18
BRH:5
end_of_record
