TN:
SF:/Users/fifizhang/Documents/6.S974/974fp/libraries/opTypes/Ops.js
FN:24,RSTOp
FN:36,(anonymous_1)
FN:42,SeqOp
FN:53,generateSeqOpsForInsert
FN:59,generateSeqOpsForDelete
FNF:5
FNH:5
FNDA:2,RSTOp
FNDA:1,(anonymous_1)
FNDA:3,SeqOp
FNDA:1,generateSeqOpsForInsert
FNDA:1,generateSeqOpsForDelete
DA:2,1
DA:13,1
DA:25,2
DA:26,2
DA:27,2
DA:28,2
DA:29,2
DA:30,2
DA:31,2
DA:32,2
DA:35,1
DA:37,1
DA:43,3
DA:44,3
DA:45,3
DA:46,3
DA:54,1
DA:60,1
DA:63,1
LF:19
LH:19
BRF:0
BRH:0
end_of_record
TN:
SF:/Users/fifizhang/Documents/6.S974/974fp/libraries/vectorclock/s3vector.js
FN:6,(anonymous_0)
FN:34,preceeds
FN:47,equal
FNF:3
FNH:3
FNDA:13,(anonymous_0)
FNDA:3,preceeds
FNDA:7,equal
DA:1,2
DA:6,2
DA:7,13
DA:8,10
DA:9,10
DA:10,19
DA:13,3
DA:15,13
DA:16,13
DA:19,2
DA:22,0
DA:25,0
DA:26,0
DA:27,0
DA:28,0
DA:35,3
DA:36,1
DA:38,2
DA:39,0
DA:41,2
DA:42,0
DA:44,2
DA:48,7
DA:51,2
LF:24
LH:17
BRDA:7,0,0,10
BRDA:7,0,1,3
BRDA:35,1,0,1
BRDA:35,1,1,2
BRDA:38,2,0,0
BRDA:38,2,1,2
BRDA:38,3,0,2
BRDA:38,3,1,1
BRDA:41,4,0,0
BRDA:41,4,1,2
BRDA:41,5,0,2
BRDA:41,5,1,1
BRDA:41,5,2,1
BRDA:48,6,0,7
BRDA:48,6,1,6
BRDA:48,6,2,5
BRF:16
BRH:14
end_of_record
TN:
SF:/Users/fifizhang/Documents/6.S974/974fp/libraries/vectorclock/vectorClock.js
FN:5,VectorClock
FN:15,(anonymous_1)
FN:27,(anonymous_2)
FN:36,(anonymous_3)
FN:45,(anonymous_4)
FN:54,isConcurrent
FN:82,union
FNF:7
FNH:5
FNDA:13,VectorClock
FNDA:5,(anonymous_1)
FNDA:11,(anonymous_2)
FNDA:7,(anonymous_3)
FNDA:5,(anonymous_4)
FNDA:0,isConcurrent
FNDA:0,union
DA:6,13
DA:7,13
DA:8,14
DA:12,3
DA:16,5
DA:17,7
DA:18,0
DA:19,0
DA:23,7
DA:28,11
DA:29,9
DA:32,2
DA:37,7
DA:38,5
DA:40,2
DA:46,5
DA:47,5
DA:48,5
DA:55,0
DA:56,0
DA:58,0
DA:60,0
DA:61,0
DA:62,0
DA:64,0
DA:65,0
DA:67,0
DA:68,0
DA:70,0
DA:71,0
DA:72,0
DA:73,0
DA:77,0
DA:83,0
DA:84,0
DA:85,0
DA:87,0
DA:90,3
LF:38
LH:17
BRDA:17,0,0,0
BRDA:17,0,1,7
BRDA:18,1,0,0
BRDA:18,1,1,0
BRDA:28,2,0,9
BRDA:28,2,1,2
BRDA:37,3,0,5
BRDA:37,3,1,2
BRDA:64,4,0,0
BRDA:64,4,1,0
BRDA:67,5,0,0
BRDA:67,5,1,0
BRDA:70,6,0,0
BRDA:70,6,1,0
BRDA:72,7,0,0
BRDA:72,7,1,0
BRDA:77,8,0,0
BRDA:77,8,1,0
BRF:18
BRH:5
end_of_record
